<?xml version="1.0" encoding="UTF-8"?>
<!-- Generated by org.testng.reporters.JUnitReportReporter -->
<testsuite hostname="ATMECSINDT-045" failures="0" tests="1" name="com.atmecs.falcon.testscript.TestScipt" time="9.121" errors="0" timestamp="2020-03-16T19:54:37 IST" skipped="0">
  <testcase classname="com.atmecs.falcon.testscript.TestScipt" name="action" time="9.121"/>
</testsuite> <!-- com.atmecs.falcon.testscript.TestScipt -->
