<?xml version="1.0" encoding="UTF-8"?>
<!-- Generated by org.testng.reporters.JUnitReportReporter -->
<testsuite hostname="ATMECSINDT-045" failures="0" tests="1" name="com.atmecs.falcon.testscript.TestScipt" time="22.189" errors="0" timestamp="2020-03-19T20:01:04 IST" skipped="0">
  <testcase classname="com.atmecs.falcon.testscript.TestScipt" name="action" time="22.189"/>
</testsuite> <!-- com.atmecs.falcon.testscript.TestScipt -->
